<?xml version="1.0" encoding="UTF-8"?>
<coverage generated="1668943640796" clover="3.2.0">
  <project timestamp="1668943640796" name="All files">
    <metrics statements="26" coveredstatements="26" conditionals="10" coveredconditionals="10" methods="7" coveredmethods="7" elements="43" coveredelements="43" complexity="0" loc="26" ncloc="26" packages="1" files="1" classes="1"/>
    <file name="Game.js" path="C:\Users\hamza\Desktop\projet_\src\Game.js">
      <metrics statements="26" coveredstatements="26" conditionals="10" coveredconditionals="10" methods="7" coveredmethods="7"/>
      <line num="1" count="1" type="stmt"/>
      <line num="2" count="7" type="stmt"/>
      <line num="3" count="7" type="stmt"/>
      <line num="4" count="7" type="stmt"/>
      <line num="8" count="35" type="stmt"/>
      <line num="13" count="35" type="stmt"/>
      <line num="14" count="35" type="cond" truecount="2" falsecount="0"/>
      <line num="15" count="32" type="stmt"/>
      <line num="19" count="7" type="stmt"/>
      <line num="20" count="7" type="stmt"/>
      <line num="21" count="38" type="cond" truecount="2" falsecount="0"/>
      <line num="22" count="13" type="stmt"/>
      <line num="24" count="38" type="cond" truecount="2" falsecount="0"/>
      <line num="25" count="13" type="stmt"/>
      <line num="27" count="38" type="stmt"/>
      <line num="30" count="7" type="stmt"/>
      <line num="34" count="38" type="stmt"/>
      <line num="38" count="38" type="cond" truecount="2" falsecount="0"/>
      <line num="42" count="13" type="cond" truecount="2" falsecount="0"/>
      <line num="43" count="11" type="stmt"/>
      <line num="46" count="2" type="stmt"/>
      <line num="52" count="13" type="stmt"/>
      <line num="56" count="7" type="stmt"/>
      <line num="57" count="6" type="stmt"/>
      <line num="58" count="6" type="stmt"/>
      <line num="62" count="6" type="stmt"/>
    </file>
  </project>
</coverage>
