{"C:\\Users\\hamza\\Desktop\\projet_\\src\\Game.js": {"path":"C:\\Users\\hamza\\Desktop\\projet_\\src\\Game.js","statementMap":{"0":{"start":{"line":1,"column":0},"end":{"line":65,"column":2}},"1":{"start":{"line":2,"column":15},"end":{"line":2,"column":16}},"2":{"start":{"line":3,"column":15},"end":{"line":3,"column":16}},"3":{"start":{"line":4,"column":15},"end":{"line":4,"column":17}},"4":{"start":{"line":8,"column":4},"end":{"line":11,"column":6}},"5":{"start":{"line":13,"column":4},"end":{"line":13,"column":41}},"6":{"start":{"line":14,"column":4},"end":{"line":14,"column":71}},"7":{"start":{"line":14,"column":30},"end":{"line":14,"column":71}},"8":{"start":{"line":15,"column":4},"end":{"line":15,"column":22}},"9":{"start":{"line":19,"column":4},"end":{"line":19,"column":33}},"10":{"start":{"line":20,"column":4},"end":{"line":28,"column":5}},"11":{"start":{"line":20,"column":17},"end":{"line":20,"column":18}},"12":{"start":{"line":21,"column":6},"end":{"line":23,"column":7}},"13":{"start":{"line":22,"column":8},"end":{"line":22,"column":26}},"14":{"start":{"line":24,"column":6},"end":{"line":26,"column":7}},"15":{"start":{"line":25,"column":8},"end":{"line":25,"column":25}},"16":{"start":{"line":27,"column":6},"end":{"line":27,"column":79}},"17":{"start":{"line":30,"column":4},"end":{"line":30,"column":27}},"18":{"start":{"line":34,"column":4},"end":{"line":34,"column":31}},"19":{"start":{"line":38,"column":4},"end":{"line":38,"column":67}},"20":{"start":{"line":42,"column":4},"end":{"line":48,"column":5}},"21":{"start":{"line":43,"column":6},"end":{"line":44,"column":70}},"22":{"start":{"line":46,"column":6},"end":{"line":47,"column":70}},"23":{"start":{"line":52,"column":4},"end":{"line":52,"column":53}},"24":{"start":{"line":56,"column":4},"end":{"line":63,"column":5}},"25":{"start":{"line":56,"column":17},"end":{"line":56,"column":18}},"26":{"start":{"line":57,"column":6},"end":{"line":57,"column":24}},"27":{"start":{"line":58,"column":6},"end":{"line":61,"column":8}},"28":{"start":{"line":62,"column":6},"end":{"line":62,"column":43}}},"fnMap":{"0":{"name":"(anonymous_0)","decl":{"start":{"line":7,"column":2},"end":{"line":7,"column":3}},"loc":{"start":{"line":7,"column":23},"end":{"line":16,"column":3}},"line":7},"1":{"name":"(anonymous_1)","decl":{"start":{"line":18,"column":2},"end":{"line":18,"column":3}},"loc":{"start":{"line":18,"column":10},"end":{"line":31,"column":3}},"line":18},"2":{"name":"(anonymous_2)","decl":{"start":{"line":33,"column":2},"end":{"line":33,"column":3}},"loc":{"start":{"line":33,"column":18},"end":{"line":35,"column":3}},"line":33},"3":{"name":"(anonymous_3)","decl":{"start":{"line":37,"column":2},"end":{"line":37,"column":3}},"loc":{"start":{"line":37,"column":17},"end":{"line":39,"column":3}},"line":37},"4":{"name":"(anonymous_4)","decl":{"start":{"line":41,"column":2},"end":{"line":41,"column":3}},"loc":{"start":{"line":41,"column":15},"end":{"line":49,"column":3}},"line":41},"5":{"name":"(anonymous_5)","decl":{"start":{"line":51,"column":2},"end":{"line":51,"column":3}},"loc":{"start":{"line":51,"column":14},"end":{"line":53,"column":3}},"line":51},"6":{"name":"(anonymous_6)","decl":{"start":{"line":55,"column":2},"end":{"line":55,"column":3}},"loc":{"start":{"line":55,"column":23},"end":{"line":64,"column":3}},"line":55}},"branchMap":{"0":{"loc":{"start":{"line":14,"column":4},"end":{"line":14,"column":71}},"type":"if","locations":[{"start":{"line":14,"column":4},"end":{"line":14,"column":71}},{"start":{},"end":{}}],"line":14},"1":{"loc":{"start":{"line":21,"column":6},"end":{"line":23,"column":7}},"type":"if","locations":[{"start":{"line":21,"column":6},"end":{"line":23,"column":7}},{"start":{},"end":{}}],"line":21},"2":{"loc":{"start":{"line":24,"column":6},"end":{"line":26,"column":7}},"type":"if","locations":[{"start":{"line":24,"column":6},"end":{"line":26,"column":7}},{"start":{},"end":{}}],"line":24},"3":{"loc":{"start":{"line":38,"column":11},"end":{"line":38,"column":66}},"type":"binary-expr","locations":[{"start":{"line":38,"column":11},"end":{"line":38,"column":44}},{"start":{"line":38,"column":48},"end":{"line":38,"column":66}}],"line":38},"4":{"loc":{"start":{"line":42,"column":4},"end":{"line":48,"column":5}},"type":"if","locations":[{"start":{"line":42,"column":4},"end":{"line":48,"column":5}},{"start":{"line":45,"column":11},"end":{"line":48,"column":5}}],"line":42}},"s":{"0":1,"1":8,"2":8,"3":8,"4":45,"5":45,"6":45,"7":3,"8":42,"9":8,"10":8,"11":8,"12":48,"13":13,"14":48,"15":13,"16":48,"17":8,"18":48,"19":48,"20":13,"21":11,"22":2,"23":13,"24":8,"25":8,"26":6,"27":6,"28":6},"f":{"0":45,"1":8,"2":48,"3":48,"4":13,"5":13,"6":8},"b":{"0":[3,42],"1":[13,35],"2":[13,35],"3":[48,26],"4":[11,2]},"_coverageSchema":"1a1c01bbd47fc00a2c39e90264f33305004495a9","hash":"7855fa71ba9eda1c3c2ddcd5ac2c06f44adbba3c"}
}
