TN:
SF:src\Game.js
FN:7,(anonymous_0)
FN:18,(anonymous_1)
FN:33,(anonymous_2)
FN:37,(anonymous_3)
FN:41,(anonymous_4)
FN:51,(anonymous_5)
FN:55,(anonymous_6)
FNF:7
FNH:7
FNDA:35,(anonymous_0)
FNDA:7,(anonymous_1)
FNDA:38,(anonymous_2)
FNDA:38,(anonymous_3)
FNDA:13,(anonymous_4)
FNDA:13,(anonymous_5)
FNDA:7,(anonymous_6)
DA:1,1
DA:2,7
DA:3,7
DA:4,7
DA:8,35
DA:13,35
DA:14,35
DA:15,32
DA:19,7
DA:20,7
DA:21,38
DA:22,13
DA:24,38
DA:25,13
DA:27,38
DA:30,7
DA:34,38
DA:38,38
DA:42,13
DA:43,11
DA:46,2
DA:52,13
DA:56,7
DA:57,6
DA:58,6
DA:62,6
LF:26
LH:26
BRDA:14,0,0,3
BRDA:14,0,1,32
BRDA:21,1,0,13
BRDA:21,1,1,25
BRDA:24,2,0,13
BRDA:24,2,1,25
BRDA:38,3,0,38
BRDA:38,3,1,26
BRDA:42,4,0,11
BRDA:42,4,1,2
BRF:10
BRH:10
end_of_record
