TN:
SF:src\Game.js
FN:7,(anonymous_0)
FN:18,(anonymous_1)
FN:33,(anonymous_2)
FN:37,(anonymous_3)
FN:41,(anonymous_4)
FN:51,(anonymous_5)
FN:55,(anonymous_6)
FNF:7
FNH:7
FNDA:45,(anonymous_0)
FNDA:8,(anonymous_1)
FNDA:48,(anonymous_2)
FNDA:48,(anonymous_3)
FNDA:13,(anonymous_4)
FNDA:13,(anonymous_5)
FNDA:8,(anonymous_6)
DA:1,1
DA:2,8
DA:3,8
DA:4,8
DA:8,45
DA:13,45
DA:14,45
DA:15,42
DA:19,8
DA:20,8
DA:21,48
DA:22,13
DA:24,48
DA:25,13
DA:27,48
DA:30,8
DA:34,48
DA:38,48
DA:42,13
DA:43,11
DA:46,2
DA:52,13
DA:56,8
DA:57,6
DA:58,6
DA:62,6
LF:26
LH:26
BRDA:14,0,0,3
BRDA:14,0,1,42
BRDA:21,1,0,13
BRDA:21,1,1,35
BRDA:24,2,0,13
BRDA:24,2,1,35
BRDA:38,3,0,48
BRDA:38,3,1,26
BRDA:42,4,0,11
BRDA:42,4,1,2
BRF:10
BRH:10
end_of_record
